<?xml version="1.0" encoding="UTF-8"?>
<testsuite xmlns:xsi="http://www.w3.org/2001/XMLSchema-instance" xsi:noNamespaceSchemaLocation="https://maven.apache.org/surefire/maven-surefire-plugin/xsd/surefire-test-report.xsd" name="TestSuite" time="41.493" tests="1" errors="0" skipped="0" failures="1">
  <properties>
[...]
</properties>
  <testcase name="feature" classname="CTMTechTest.TestRunner" time="39.633">
    <failure message="org.openqa.selenium.TimeoutException: Expected condition failed: waiting for url to match the regex &quot;tariffsForMe&quot;. Current url: &quot;https://energy.comparethemarket.com/energy/v2/yourDetails&quot; (tried for 3 second(s) with 500 milliseconds interval)&#10;Build info: version: &apos;3.141.59&apos;, revision: &apos;e82be7d358&apos;, time: &apos;2018-11-14T08:17:03&apos;&#10;System info: host: &apos;ROMA-LPWIN10&apos;, ip: &apos;192.168.1.107&apos;, os.name: &apos;Windows 10&apos;, os.arch: &apos;amd64&apos;, os.version: &apos;10.0&apos;, java.version: &apos;1.8.0_181&apos;&#10;Driver info: org.openqa.selenium.chrome.ChromeDriver&#10;Capabilities {acceptInsecureCerts: false, browserName: chrome, browserVersion: 80.0.3987.106, chrome: {chromedriverVersion: 80.0.3987.16 (320f6526c1632..., userDataDir: C:\Users\Roma\AppData\Local...}, goog:chromeOptions: {debuggerAddress: localhost:56467}, javascriptEnabled: true, networkConnectionEnabled: false, pageLoadStrategy: normal, platform: WINDOWS, platformName: WINDOWS, proxy: Proxy(), setWindowRect: true, strictFileInteractability: false, timeouts: {implicit: 0, pageLoad: 300000, script: 30000}, unhandledPromptBehavior: dismiss and notify}&#10;Session ID: f4b2b265187cb502ce67f7cb5e16bb57" type="cucumber.runtime.CucumberException">cucumber.runtime.CucumberException: 
org.openqa.selenium.TimeoutException: Expected condition failed: waiting for url to match the regex "tariffsForMe". Current url: "https://energy.comparethemarket.com/energy/v2/yourDetails" (tried for 3 second(s) with 500 milliseconds interval)
Build info: version: '3.141.59', revision: 'e82be7d358', time: '2018-11-14T08:17:03'
System info: host: 'ROMA-LPWIN10', ip: '192.168.1.107', os.name: 'Windows 10', os.arch: 'amd64', os.version: '10.0', java.version: '1.8.0_181'
Driver info: org.openqa.selenium.chrome.ChromeDriver
Capabilities {acceptInsecureCerts: false, browserName: chrome, browserVersion: 80.0.3987.106, chrome: {chromedriverVersion: 80.0.3987.16 (320f6526c1632..., userDataDir: C:\Users\Roma\AppData\Local...}, goog:chromeOptions: {debuggerAddress: localhost:56467}, javascriptEnabled: true, networkConnectionEnabled: false, pageLoadStrategy: normal, platform: WINDOWS, platformName: WINDOWS, proxy: Proxy(), setWindowRect: true, strictFileInteractability: false, timeouts: {implicit: 0, pageLoad: 300000, script: 30000}, unhandledPromptBehavior: dismiss and notify}
Session ID: f4b2b265187cb502ce67f7cb5e16bb57
	at CTMTechTest.TestRunner.feature(TestRunner.java:37)
Caused by: org.openqa.selenium.TimeoutException: 
Expected condition failed: waiting for url to match the regex "tariffsForMe". Current url: "https://energy.comparethemarket.com/energy/v2/yourDetails" (tried for 3 second(s) with 500 milliseconds interval)
Build info: version: '3.141.59', revision: 'e82be7d358', time: '2018-11-14T08:17:03'
System info: host: 'ROMA-LPWIN10', ip: '192.168.1.107', os.name: 'Windows 10', os.arch: 'amd64', os.version: '10.0', java.version: '1.8.0_181'
Driver info: org.openqa.selenium.chrome.ChromeDriver
Capabilities {acceptInsecureCerts: false, browserName: chrome, browserVersion: 80.0.3987.106, chrome: {chromedriverVersion: 80.0.3987.16 (320f6526c1632..., userDataDir: C:\Users\Roma\AppData\Local...}, goog:chromeOptions: {debuggerAddress: localhost:56467}, javascriptEnabled: true, networkConnectionEnabled: false, pageLoadStrategy: normal, platform: WINDOWS, platformName: WINDOWS, proxy: Proxy(), setWindowRect: true, strictFileInteractability: false, timeouts: {implicit: 0, pageLoad: 300000, script: 30000}, unhandledPromptBehavior: dismiss and notify}
Session ID: f4b2b265187cb502ce67f7cb5e16bb57
</failure>
    <system-out><![CDATA[Feature: 
  To Test Various Functional components within the journey
https://energy.comparethemarket.com/energy/v2/

  Background:                                            &amp#27;[90m# CTMTest.feature:4&amp#27;[0m
    &amp#27;[32mGiven &amp#27;[0m&amp#27;[32mUser is on the Compare the market provided URL&amp#27;[0m &amp#27;[90m# StepDefinitions.user_is_on_the_Compare_the_market_provided_URL()&amp#27;[0m
"Scenario FAILED... screen shot taken
&amp#27;[34mCurrent Page URL is https://energy.comparethemarket.com/energy/v2/yourDetails&amp#27;[0m

  @Test
  Scenario: Journey from Your Supplier to Price Comparison Result Page      &amp#27;[90m# CTMTest.feature:8&amp#27;[0m
    &amp#27;[32mWhen &amp#27;[0m&amp#27;[32mUser inputs a valid "&amp#27;[0m&amp#27;[32m&amp#27;[1mPE2 6YS&amp#27;[0m&amp#27;[32m"&amp#27;[0m                                      &amp#27;[90m# StepDefinitions.user_inputs_a_valid(String)&amp#27;[0m
    &amp#27;[32mAnd &amp#27;[0m&amp#27;[32mclicks on Find Postcode&amp#27;[0m                                             &amp#27;[90m# StepDefinitions.clicks_on_Find_Postcode()&amp#27;[0m
    &amp#27;[32mAnd &amp#27;[0m&amp#27;[32muser selects "&amp#27;[0m&amp#27;[32m&amp#27;[1mNo, I don't have my Bill&amp#27;[0m&amp#27;[32m" option&amp#27;[0m                      &amp#27;[90m# StepDefinitions.user_selects_option(String)&amp#27;[0m
    &amp#27;[32mAnd &amp#27;[0m&amp#27;[32mselects Electricity&amp#27;[0m                                                 &amp#27;[90m# StepDefinitions.selects_Electricity()&amp#27;[0m
    &amp#27;[32mAnd &amp#27;[0m&amp#27;[32mselects the "&amp#27;[0m&amp#27;[32m&amp#27;[1mI don't Know&amp#27;[0m&amp#27;[32m" option for Energy Supplier&amp#27;[0m               &amp#27;[90m# StepDefinitions.selects_the_option_for_Energy_Supplier(String)&amp#27;[0m
    &amp#27;[32mAnd &amp#27;[0m&amp#27;[32mclicks Next&amp#27;[0m                                                         &amp#27;[90m# StepDefinitions.clicks_Next()&amp#27;[0m
    &amp#27;[32mThen &amp#27;[0m&amp#27;[32muser is directed to Your Energy Page&amp#27;[0m                               &amp#27;[90m# StepDefinitions.user_is_directed_to_Your_Energy_Page()&amp#27;[0m
    &amp#27;[32mWhen &amp#27;[0m&amp#27;[32mselects "&amp#27;[0m&amp#27;[32m&amp#27;[1mNo&amp#27;[0m&amp#27;[32m" for Prepayment Pay As you Go meter and Economy7 meter&amp#27;[0m &amp#27;[90m# StepDefinitions.selects_for_Prepayment_Pay_As_you_Go_meter_and_Economy_meter(String)&amp#27;[0m
    &amp#27;[32mAnd &amp#27;[0m&amp#27;[32minputs the price as £"&amp#27;[0m&amp#27;[32m&amp#27;[1m35&amp#27;[0m&amp#27;[32m" and period as "&amp#27;[0m&amp#27;[32m&amp#27;[1mMonthly&amp#27;[0m&amp#27;[32m"&amp#27;[0m                   &amp#27;[90m# StepDefinitions.inputs_the_price_as(String,String)&amp#27;[0m
    &amp#27;[32mAnd &amp#27;[0m&amp#27;[32mclicks on Next&amp#27;[0m                                                      &amp#27;[90m# StepDefinitions.clicks_on_Next()&amp#27;[0m
    &amp#27;[32mThen &amp#27;[0m&amp#27;[32mthe user is directed to Your Preferences Page&amp#27;[0m                      &amp#27;[90m# StepDefinitions.the_user_is_directed_to_Your_Preferences_Page()&amp#27;[0m
    &amp#27;[32mWhen &amp#27;[0m&amp#27;[32mselects "&amp#27;[0m&amp#27;[32m&amp#27;[1mFixed Tariff&amp#27;[0m&amp#27;[32m"&amp#27;[0m                                             &amp#27;[90m# StepDefinitions.selects(String)&amp#27;[0m
    &amp#27;[32mAnd &amp#27;[0m&amp#27;[32m"&amp#27;[0m&amp#27;[32m&amp#27;[1mMonthly Direct Debit&amp#27;[0m&amp#27;[32m" as way of payment&amp#27;[0m                            &amp#27;[90m# StepDefinitions.as_way_of_payment(String)&amp#27;[0m
    &amp#27;[32mAnd &amp#27;[0m&amp#27;[32menters a valid "&amp#27;[0m&amp#27;[32m&amp#27;[1mtest@test.com&amp#27;[0m&amp#27;[32m"&amp#27;[0m                                      &amp#27;[90m# StepDefinitions.enters_a_valid(String)&amp#27;[0m
    &amp#27;[32mAnd &amp#27;[0m&amp#27;[32mconfirms to the Terms and Conditions&amp#27;[0m                                &amp#27;[90m# StepDefinitions.confirms_to_the_Terms_and_Conditions()&amp#27;[0m
    &amp#27;[32mAnd &amp#27;[0m&amp#27;[32mclicks on Go to Prices&amp#27;[0m                                              &amp#27;[90m# StepDefinitions.clicks_on_Go_to_Prices()&amp#27;[0m
    &amp#27;[31mThen &amp#27;[0m&amp#27;[31mUser is directed to Price Comparison Results Page&amp#27;[0m                  &amp#27;[90m# StepDefinitions.user_is_directed_to_Price_Comparison_Results_Page()&amp#27;[0m
      &amp#27;[31morg.openqa.selenium.TimeoutException: Expected condition failed: waiting for url to match the regex "tariffsForMe". Current url: "https://energy.comparethemarket.com/energy/v2/yourDetails" (tried for 3 second(s) with 500 milliseconds interval)
      Build info: version: '3.141.59', revision: 'e82be7d358', time: '2018-11-14T08:17:03'
      System info: host: 'ROMA-LPWIN10', ip: '192.168.1.107', os.name: 'Windows 10', os.arch: 'amd64', os.version: '10.0', java.version: '1.8.0_181'
      Driver info: org.openqa.selenium.chrome.ChromeDriver
      Capabilities {acceptInsecureCerts: false, browserName: chrome, browserVersion: 80.0.3987.106, chrome: {chromedriverVersion: 80.0.3987.16 (320f6526c1632..., userDataDir: C:\Users\Roma\AppData\Local...}, goog:chromeOptions: {debuggerAddress: localhost:56467}, javascriptEnabled: true, networkConnectionEnabled: false, pageLoadStrategy: normal, platform: WINDOWS, platformName: WINDOWS, proxy: Proxy(), setWindowRect: true, strictFileInteractability: false, timeouts: {implicit: 0, pageLoad: 300000, script: 30000}, unhandledPromptBehavior: dismiss and notify}
      Session ID: f4b2b265187cb502ce67f7cb5e16bb57
      	at org.openqa.selenium.support.ui.WebDriverWait.timeoutException(WebDriverWait.java:95)
      	at org.openqa.selenium.support.ui.FluentWait.until(FluentWait.java:272)
      	at CTMTechTest.Utils.waitForPageToLoad(Utils.java:37)
      	at CTMTechTest.Pages.PriceResultPage.verifyPriceResultPage(PriceResultPage.java:9)
      	at CTMTechTest.StepDefinitions.user_is_directed_to_Price_Comparison_Results_Page(StepDefinitions.java:125)
      	at ?.Then User is directed to Price Comparison Results Page(CTMTest.feature:25)
      &amp#27;[0m
https://energy.comparethemarket.com/energy/v2/

  Background:                                            &amp#27;[90m# CTMTest.feature:4&amp#27;[0m
    &amp#27;[32mGiven &amp#27;[0m&amp#27;[32mUser is on the Compare the market provided URL&amp#27;[0m &amp#27;[90m# StepDefinitions.user_is_on_the_Compare_the_market_provided_URL()&amp#27;[0m
Your postcode has not been recognised, please check you have entered it correctly and if you still need help call the switching support team on 0800 093 6831

  @Test
  Scenario: Journey using Invalid Postcode               &amp#27;[90m# CTMTest.feature:28&amp#27;[0m
    &amp#27;[32mWhen &amp#27;[0m&amp#27;[32mUser inputs an invalid "&amp#27;[0m&amp#27;[32m&amp#27;[1mPE2 6&amp#27;[0m&amp#27;[32m"&amp#27;[0m                  &amp#27;[90m# StepDefinitions.userInputsAnInvalid(String)&amp#27;[0m
    &amp#27;[32mAnd &amp#27;[0m&amp#27;[32mclicks on Find Postcode&amp#27;[0m                          &amp#27;[90m# StepDefinitions.clicks_on_Find_Postcode()&amp#27;[0m
    &amp#27;[32mAnd &amp#27;[0m&amp#27;[32msystem does not validates the postcode&amp#27;[0m           &amp#27;[90m# StepDefinitions.system_Does_Not_Validates_The_Postcode()&amp#27;[0m
    &amp#27;[32mAnd &amp#27;[0m&amp#27;[32muser selects "&amp#27;[0m&amp#27;[32m&amp#27;[1mNo, I don't have my Bill&amp#27;[0m&amp#27;[32m" option&amp#27;[0m   &amp#27;[90m# StepDefinitions.user_selects_option(String)&amp#27;[0m
    &amp#27;[32mAnd &amp#27;[0m&amp#27;[32mselects Electricity&amp#27;[0m                              &amp#27;[90m# StepDefinitions.selects_Electricity()&amp#27;[0m
    &amp#27;[32mAnd &amp#27;[0m&amp#27;[32mclicks Next&amp#27;[0m                                      &amp#27;[90m# StepDefinitions.clicks_Next()&amp#27;[0m
    &amp#27;[32mThen &amp#27;[0m&amp#27;[32muser should not be directed to Your Energy Page&amp#27;[0m &amp#27;[90m# StepDefinitions.user_Should_Not_Be_Directed_To_Your_Energy_Page()&amp#27;[0m
https://energy.comparethemarket.com/energy/v2/

  Background:                                            &amp#27;[90m# CTMTest.feature:4&amp#27;[0m
    &amp#27;[32mGiven &amp#27;[0m&amp#27;[32mUser is on the Compare the market provided URL&amp#27;[0m &amp#27;[90m# StepDefinitions.user_is_on_the_Compare_the_market_provided_URL()&amp#27;[0m

  @Test
  Scenario: Verify the display of Help text                &amp#27;[90m# CTMTest.feature:38&amp#27;[0m
    &amp#27;[32mWhen &amp#27;[0m&amp#27;[32muser hovers over the question fields&amp#27;[0m              &amp#27;[90m# StepDefinitions.user_Hovers_Over_The_Question_Fields()&amp#27;[0m
    &amp#27;[32mThen &amp#27;[0m&amp#27;[32mthe user should be displayed with a help text box&amp#27;[0m &amp#27;[90m# StepDefinitions.the_User_Should_Be_Displayed_With_A_Help_Text_Box()&amp#27;[0m
]]></system-out>
    <system-err><![CDATA[Starting ChromeDriver 80.0.3987.16 (320f6526c1632ad4f205ebce69b99a062ed78647-refs/branch-heads/3987@{#185}) on port 1489
Only local connections are allowed.
Please protect ports used by ChromeDriver and related test frameworks to prevent access by malicious code.
Feb 20, 2020 1:02:16 AM org.openqa.selenium.remote.ProtocolHandshake createSession
INFO: Detected dialect: W3C
[1582160537.594][SEVERE]: Timed out receiving message from renderer: 0.100
[1582160537.709][SEVERE]: Timed out receiving message from renderer: 0.100
[1582160537.913][SEVERE]: Timed out receiving message from renderer: 0.100
[1582160538.260][SEVERE]: Timed out receiving message from renderer: 0.100
Starting ChromeDriver 80.0.3987.16 (320f6526c1632ad4f205ebce69b99a062ed78647-refs/branch-heads/3987@{#185}) on port 8498
Only local connections are allowed.
Please protect ports used by ChromeDriver and related test frameworks to prevent access by malicious code.
Feb 20, 2020 1:02:33 AM org.openqa.selenium.remote.ProtocolHandshake createSession
INFO: Detected dialect: W3C
[1582160554.779][SEVERE]: Timed out receiving message from renderer: 0.100
[1582160555.465][SEVERE]: Timed out receiving message from renderer: 0.100
Starting ChromeDriver 80.0.3987.16 (320f6526c1632ad4f205ebce69b99a062ed78647-refs/branch-heads/3987@{#185}) on port 24295
Only local connections are allowed.
Please protect ports used by ChromeDriver and related test frameworks to prevent access by malicious code.
Feb 20, 2020 1:02:43 AM org.openqa.selenium.remote.ProtocolHandshake createSession
INFO: Detected dialect: W3C
[1582160566.572][SEVERE]: Timed out receiving message from renderer: 0.100
[1582160566.675][SEVERE]: Timed out receiving message from renderer: 0.100
[1582160566.801][SEVERE]: Timed out receiving message from renderer: 0.100
[1582160566.952][SEVERE]: Timed out receiving message from renderer: 0.100
]]></system-err>
  </testcase>
</testsuite>